
                            < M A T L A B (R) >
                  Copyright 1984-2016 The MathWorks, Inc.
                   R2016a (9.0.0.341360) 64-bit (glnxa64)
                             February 11, 2016

 
To get started, type one of these: helpwin, helpdesk, or demo.
For product information, visit www.mathworks.com.
 
    ----------------------------------------------------
	Your MATLAB license will expire in 41 days.
	Please contact your system administrator or
	MathWorks to renew this license.
    ----------------------------------------------------

	Academic License

>> [Warning: Name is nonexistent or not a directory:
/home/qg26/map-the-ocean-floor/bump] 
[> In path (line 109)
  In addpath (line 88)
  In Initializing (line 9)] 
>> >> >> >> >> >> >> >> >> >> >> >> >> >> >> >> >> >> >> >> >> >> >> >> >> >> >> >> >> >> >> >> >> >> >> >> >> >> >> >> >> >> >> >> >> >> >> >> >> >> >> >> >> >> >> >> >> >> >> >> >> >> >> >> >> >> Starting parallel pool (parpool) using the 'local' profile ... connected to 24 workers.
>> >> >> >> 
                            < M A T L A B (R) >
                  Copyright 1984-2016 The MathWorks, Inc.
                   R2016a (9.0.0.341360) 64-bit (glnxa64)
                             February 11, 2016

 
To get started, type one of these: helpwin, helpdesk, or demo.
For product information, visit www.mathworks.com.
 
    ----------------------------------------------------
	Your MATLAB license will expire in 38 days.
	Please contact your system administrator or
	MathWorks to renew this license.
    ----------------------------------------------------

	Academic License

>> >> Starting parallel pool (parpool) using the 'local' profile ... connected to 24 workers.
   196

   140

   224

   252

   112

   280

   168

   308

    84

   607

    56

   336

   571

    28

   589

   532

   511

   466

   489

   442

   417

   552

   364

   391

   195

   251

   223

   279

   167

   139

   335

   307

   111

    83

   588

   570

    55

    27

   488

   510

   441

   551

   531

   363

   465

   416

   606

   390

   278

   250

   138

   306

   166

   110

   334

   550

   222

   194

   487

   415

    26

   605

    82

   530

   509

   464

   569

   587

    54

   440

   362

   389

   277

   165

   137

   549

   249

    25

   305

   486

   193

   568

   109

   604

   414

   221

   508

    53

   529

   586

   463

   388

   333

   361

    81

   136

   439

   276

   164

   248

   304

   548

   220

    24

   485

   567

   192

   507

   413

   528

    52

   585

   108

   603

   360

   462

   163

   135

    80

   247

   332

   387

   303

   275

   547

   438

   566

   412

    23

   527

   506

   484

   219

   584

   191

   602

    51

   107

   359

    79

   134

   386

   461

   162

   546

   565

   246

   331

   302

   437

    22

   411

   526

   601

   274

    50

   505

   583

   218

   190

   483

    78

   245

   564

   545

   161

   358

   385

   460

   273

   330

   106

    21

   600

   133

   217

   525

   436

    77

   189

   410

   301

   582

    49

   504

   244

   357

   459

   482

   563

   384

   160

   544

   188

    20

   132

   524

   105

    76

   272

   329

   503

   409

   599

   300

   356

   216

   243

    48

   435

   581

   562

   543

   458

   383

    19

   481

   502

   104

    75

   131

   299

   159

   271

   523

   187

   408

   215

   598

   328

    47

   480

   355

   580

   242

   561

    18

   542

   298

    74

   501

   103

   214

   130

   522

   457

   158

   434

   270

   354

   382

   479

   597

   407

   327

   186

   560

   579

   129

   500

    46

    73

   102

   541

   241

   157

   456

   521

   297

   269

   213

   353

   433

   406

   185

   326

   381

   128

   578

   596

   499

   478

    16

    45

    72

   559

   156

   296

   540

   240

   455

   212

   325

   352

   101

   268

   127

   520

   380

   498

   184

   405

   477

   432

    71

    15

   577

   558

    44

   595

   295

   239

   155

   324

   539

   351

   454

   100

   267

   211

   497

   476

   557

   404

   431

   154

    14

   183

    43

   519

   379

   238

   126

    70

   594

   576

   323

   453

   538

   294

   350

   403

   266

   496

   125

   475

   210

   556

    13

   378

    99

   153

   518

   237

   452

   593

    42

   182

    69

   430

   322

   575

   349

   293

   265

   402

   537

   124

    12

   474

   236

   209

   555

   495

   517

   377

    98

   451

   592

    68

   181

    41

   152

   292

   348

   554

   321

   401

   574

   123

   264

   429

   235

    11

   536

   450

   208

    97

   494

   591

   291

   516

   376

    40

    10

   122

   400

   347

    67

   151

   573

   263

   553

   180

   234

   320

   493

   428

    96

   449

   375

   472

   207

    66

    39

     9

   346

   150

   590

   624

   290

   121

   233

   399

   262

   471

   319

   534

   572

   448

   206

   492

   427

   623

    65

    95

     8

   514

   374

   179

   640

    38

   398

   120

   345

   318

   149

   447

   470

   205

   426

   289

   261

   232

   622

     7

   533

   655

    64

   639

   513

   373

   491

    94

   397

    37

   119

   178

   288

   148

   621

     6

   317

   469

   204

   344

   231

    63

   670

   490

   654

   425

   638

   446

   512

   260

    36

   372

   396

    62

   118

    93

     5

   684

    35

   230

   147

   424

   637

   620

   177

   343

   653

   445

   669

   259

   316

   468

   287

   371

   698

   203

   395

    61

   229

     4

   683

    34

   619

   636

   652

   117

   146

   258

   423

   342

   444

    92

   668

   315

   467

   697

   286

   202

   176

   370

   394

   228

   422

    60

   682

   257

   651

   618

     3

   667

   116

    33

   635

   341

   145

   314

    91

   443

   285

   201

   696

    59

   369

   681

   711

   393

   227

     2

   650

   421

   175

   617

   634

   115

    32

   144

    58

   666

    90

   724

   313

   340

   710

   200

   368

   256

     1

   284

   680

   695

   649

   392

   420

   226

    31

   174

   114

   633

   255

   312

   339

    89

    57

   665

   616

   723

   709

   199

   143

   736

   367

   648

   113

   694

    30

   747

   283

   225

   173

   758

   679

   632

   419

    88

   664

   615

   722

   254

   708

   311

   338

   198

   735

   142

   647

   769

   366

    29

   779

   172

   282

   746

   693

   663

   418

   631

   678

   707

   310

    87

   614

   141

   734

   721

   646

   253

   197

   337

   789

   365

   757

   768

   798

   630

   171

   281

   745

   692

   778

   706

   807

   662

   677

   816

   613

   309

   720

   733

   645

   824

   832

   756

   767

   170

    86

   788

   629

   797

   691

   846

   839

   815

   755

   853

   806

   744

   705

   719

   676

   777

    85

   169

   661

   831

   823

   612

   644

   845

   766

   732

   690

   787

   796

   628

   814

   852

   743

   838

   704

   754

   805

   718

   830

   866

   675

   776

   860

   689

   611

   660

   765

   844

   822

   643

   731

   795

   786

   742

   753

   627

   813

   851

   829

   703

   717

   837

   865

   610

   674

   843

   859

   804

   688

   730

   775

   752

   794

   821

   741

   764

   659

   642

   812

   785

   850

   828

   626

   836

   864

   702

   716

   858

   793

   803

   774

   609

   641

   729

   751

   740

   827

   687

   658

   820

   673

   842

   849

   763

   784

   863

   857

   811

   715

   625

   835

   701

   608

   773

   750

   819

   826

   686

   872

   792

   657

   802

   728

   848

   783

   862

   762

   739

   672

   878

   841

   810

   856

   749

   656

   714

   834

   685

   818

   884

   801

   871

   727

   861

   671

   700

   772

   825

   782

   791

   847

   738

   840

   809

   761

   877

   833

   894

   817

   855

   713

   726

   904

   899

   870

   800

   883

   748

   790

   781

   909

   737

   876

   699

   924

   771

   808

   888

   919

   914

   893

   898

   725

   760

   869

   882

   854

   903

   712

   799

   780

   934

   944

   918

   875

   913

   949

   892

   939

   759

   923

   770

   908

   887

   881

   897

   974

   959

   979

   868

   928

   874

   964

   953

   902

   917

   948

   943

   891

   922

   907

   938

   984

   912

   880

   873

   989

   947

   932

   886

   896

   973

   968

   963

   978

   958

   867

   927

   937

   890

   988

   911

   906

   901

   921

   983

   952

   879

   895

   999

   931

   977

   885

   972

   926

   962

   957

   967

   941

        1000

   987

   910

   936

   900

   905

   982

   920

   993

   951

   971

   998

   930

   956

   976

   945

   925

   961

   935

   940

   966

   986

   992

   981

   970

   975

   997

   960

   955

   980

   991

   965

   985

   996

   990

   995

>> >> >> 